<?xml version="1.0" encoding="UTF-8"?>
<coverage generated="1746777469061" clover="3.2.0">
  <project timestamp="1746777469062" name="All files">
    <metrics statements="53" coveredstatements="49" conditionals="18" coveredconditionals="11" methods="21" coveredmethods="18" elements="92" coveredelements="78" complexity="0" loc="53" ncloc="53" packages="2" files="6" classes="6"/>
    <package name="components">
      <metrics statements="52" coveredstatements="48" conditionals="18" coveredconditionals="11" methods="21" coveredmethods="18"/>
      <file name="Body.js" path="C:\Users\mohit\OneDrive\Desktop\Namaste-react\src\components\Body.js">
        <metrics statements="23" coveredstatements="22" conditionals="10" coveredconditionals="6" methods="10" coveredmethods="10"/>
        <line num="8" count="1" type="stmt"/>
        <line num="9" count="7" type="stmt"/>
        <line num="10" count="7" type="stmt"/>
        <line num="11" count="7" type="stmt"/>
        <line num="13" count="7" type="stmt"/>
        <line num="16" count="7" type="stmt"/>
        <line num="17" count="2" type="stmt"/>
        <line num="20" count="7" type="stmt"/>
        <line num="21" count="2" type="stmt"/>
        <line num="22" count="2" type="stmt"/>
        <line num="24" count="2" type="stmt"/>
        <line num="28" count="2" type="stmt"/>
        <line num="34" count="7" type="stmt"/>
        <line num="37" count="7" type="cond" truecount="1" falsecount="1"/>
        <line num="38" count="0" type="stmt"/>
        <line num="45" count="7" type="cond" truecount="2" falsecount="0"/>
        <line num="56" count="1" type="stmt"/>
        <line num="62" count="1" type="stmt"/>
        <line num="63" count="8" type="stmt"/>
        <line num="65" count="1" type="stmt"/>
        <line num="75" count="1" type="stmt"/>
        <line num="76" count="8" type="stmt"/>
        <line num="86" count="29" type="stmt"/>
      </file>
      <file name="Contact.js" path="C:\Users\mohit\OneDrive\Desktop\Namaste-react\src\components\Contact.js">
        <metrics statements="2" coveredstatements="2" conditionals="0" coveredconditionals="0" methods="1" coveredmethods="1"/>
        <line num="1" count="1" type="stmt"/>
        <line num="2" count="3" type="stmt"/>
      </file>
      <file name="Header.js" path="C:\Users\mohit\OneDrive\Desktop\Namaste-react\src\components\Header.js">
        <metrics statements="7" coveredstatements="7" conditionals="4" coveredconditionals="3" methods="3" coveredmethods="3"/>
        <line num="7" count="1" type="stmt"/>
        <line num="8" count="5" type="stmt"/>
        <line num="10" count="5" type="stmt"/>
        <line num="12" count="5" type="stmt"/>
        <line num="14" count="8" type="stmt"/>
        <line num="16" count="5" type="stmt"/>
        <line num="43" count="2" type="cond" truecount="2" falsecount="0"/>
      </file>
      <file name="RestaurantCard.js" path="C:\Users\mohit\OneDrive\Desktop\Namaste-react\src\components\RestaurantCard.js">
        <metrics statements="8" coveredstatements="8" conditionals="0" coveredconditionals="0" methods="3" coveredmethods="3"/>
        <line num="2" count="2" type="stmt"/>
        <line num="3" count="31" type="stmt"/>
        <line num="4" count="31" type="stmt"/>
        <line num="5" count="31" type="stmt"/>
        <line num="7" count="31" type="stmt"/>
        <line num="26" count="2" type="stmt"/>
        <line num="27" count="8" type="stmt"/>
        <line num="28" count="30" type="stmt"/>
      </file>
      <file name="RestaurantMenu.js" path="C:\Users\mohit\OneDrive\Desktop\Namaste-react\src\components\RestaurantMenu.js">
        <metrics statements="12" coveredstatements="9" conditionals="4" coveredconditionals="2" methods="4" coveredmethods="1"/>
        <line num="6" count="1" type="stmt"/>
        <line num="7" count="2" type="stmt"/>
        <line num="9" count="2" type="stmt"/>
        <line num="11" count="2" type="stmt"/>
        <line num="13" count="2" type="cond" truecount="2" falsecount="0"/>
        <line num="16" count="1" type="stmt"/>
        <line num="19" count="1" type="stmt"/>
        <line num="23" count="1" type="stmt"/>
        <line num="25" count="0" type="stmt"/>
        <line num="29" count="1" type="stmt"/>
        <line num="36" count="0" type="stmt"/>
        <line num="40" count="0" type="stmt"/>
      </file>
    </package>
    <package name="utils">
      <metrics statements="1" coveredstatements="1" conditionals="0" coveredconditionals="0" methods="0" coveredmethods="0"/>
      <file name="appStore.js" path="C:\Users\mohit\OneDrive\Desktop\Namaste-react\src\utils\appStore.js">
        <metrics statements="1" coveredstatements="1" conditionals="0" coveredconditionals="0" methods="0" coveredmethods="0"/>
        <line num="4" count="2" type="stmt"/>
      </file>
    </package>
  </project>
</coverage>
