{"C:\\Users\\mohit\\OneDrive\\Desktop\\Namaste-react\\src\\components\\Body.js": {"path":"C:\\Users\\mohit\\OneDrive\\Desktop\\Namaste-react\\src\\components\\Body.js","statementMap":{"0":{"start":{"line":8,"column":13},"end":{"line":100,"column":1}},"1":{"start":{"line":9,"column":44},"end":{"line":9,"column":56}},"2":{"start":{"line":10,"column":50},"end":{"line":10,"column":62}},"3":{"start":{"line":11,"column":38},"end":{"line":11,"column":50}},"4":{"start":{"line":13,"column":33},"end":{"line":13,"column":66}},"5":{"start":{"line":16,"column":2},"end":{"line":18,"column":9}},"6":{"start":{"line":17,"column":4},"end":{"line":17,"column":16}},"7":{"start":{"line":20,"column":20},"end":{"line":32,"column":3}},"8":{"start":{"line":21,"column":17},"end":{"line":21,"column":37}},"9":{"start":{"line":22,"column":17},"end":{"line":22,"column":34}},"10":{"start":{"line":24,"column":4},"end":{"line":27,"column":6}},"11":{"start":{"line":28,"column":4},"end":{"line":31,"column":6}},"12":{"start":{"line":34,"column":23},"end":{"line":34,"column":40}},"13":{"start":{"line":37,"column":2},"end":{"line":43,"column":3}},"14":{"start":{"line":38,"column":4},"end":{"line":42,"column":6}},"15":{"start":{"line":45,"column":2},"end":{"line":99,"column":4}},"16":{"start":{"line":56,"column":29},"end":{"line":56,"column":58}},"17":{"start":{"line":62,"column":39},"end":{"line":64,"column":15}},"18":{"start":{"line":63,"column":16},"end":{"line":63,"column":78}},"19":{"start":{"line":65,"column":14},"end":{"line":65,"column":52}},"20":{"start":{"line":75,"column":14},"end":{"line":77,"column":16}},"21":{"start":{"line":76,"column":16},"end":{"line":76,"column":74}},"22":{"start":{"line":76,"column":49},"end":{"line":76,"column":73}},"23":{"start":{"line":86,"column":10},"end":{"line":95,"column":17}}},"fnMap":{"0":{"name":"(anonymous_0)","decl":{"start":{"line":8,"column":13},"end":{"line":8,"column":14}},"loc":{"start":{"line":8,"column":19},"end":{"line":100,"column":1}},"line":8},"1":{"name":"(anonymous_1)","decl":{"start":{"line":16,"column":12},"end":{"line":16,"column":13}},"loc":{"start":{"line":16,"column":18},"end":{"line":18,"column":3}},"line":16},"2":{"name":"(anonymous_2)","decl":{"start":{"line":20,"column":20},"end":{"line":20,"column":21}},"loc":{"start":{"line":20,"column":32},"end":{"line":32,"column":3}},"line":20},"3":{"name":"(anonymous_3)","decl":{"start":{"line":56,"column":22},"end":{"line":56,"column":23}},"loc":{"start":{"line":56,"column":29},"end":{"line":56,"column":58}},"line":56},"4":{"name":"(anonymous_4)","decl":{"start":{"line":61,"column":21},"end":{"line":61,"column":22}},"loc":{"start":{"line":61,"column":27},"end":{"line":66,"column":13}},"line":61},"5":{"name":"(anonymous_5)","decl":{"start":{"line":62,"column":60},"end":{"line":62,"column":61}},"loc":{"start":{"line":63,"column":16},"end":{"line":63,"column":78}},"line":63},"6":{"name":"(anonymous_6)","decl":{"start":{"line":74,"column":21},"end":{"line":74,"column":22}},"loc":{"start":{"line":74,"column":27},"end":{"line":78,"column":13}},"line":74},"7":{"name":"(anonymous_7)","decl":{"start":{"line":75,"column":34},"end":{"line":75,"column":35}},"loc":{"start":{"line":76,"column":16},"end":{"line":76,"column":74}},"line":76},"8":{"name":"(anonymous_8)","decl":{"start":{"line":76,"column":40},"end":{"line":76,"column":41}},"loc":{"start":{"line":76,"column":49},"end":{"line":76,"column":73}},"line":76},"9":{"name":"(anonymous_9)","decl":{"start":{"line":85,"column":30},"end":{"line":85,"column":31}},"loc":{"start":{"line":86,"column":10},"end":{"line":95,"column":17}},"line":86}},"branchMap":{"0":{"loc":{"start":{"line":25,"column":6},"end":{"line":26,"column":27}},"type":"binary-expr","locations":[{"start":{"line":25,"column":6},"end":{"line":26,"column":21}},{"start":{"line":26,"column":25},"end":{"line":26,"column":27}}],"line":25},"1":{"loc":{"start":{"line":29,"column":6},"end":{"line":30,"column":27}},"type":"binary-expr","locations":[{"start":{"line":29,"column":6},"end":{"line":30,"column":21}},{"start":{"line":30,"column":25},"end":{"line":30,"column":27}}],"line":29},"2":{"loc":{"start":{"line":37,"column":2},"end":{"line":43,"column":3}},"type":"if","locations":[{"start":{"line":37,"column":2},"end":{"line":43,"column":3}},{"start":{},"end":{}}],"line":37},"3":{"loc":{"start":{"line":45,"column":9},"end":{"line":99,"column":3}},"type":"cond-expr","locations":[{"start":{"line":46,"column":4},"end":{"line":46,"column":15}},{"start":{"line":48,"column":4},"end":{"line":98,"column":10}}],"line":45},"4":{"loc":{"start":{"line":90,"column":13},"end":{"line":94,"column":13}},"type":"cond-expr","locations":[{"start":{"line":91,"column":14},"end":{"line":91,"column":61}},{"start":{"line":93,"column":14},"end":{"line":93,"column":53}}],"line":90}},"s":{"0":1,"1":7,"2":7,"3":7,"4":7,"5":7,"6":2,"7":7,"8":2,"9":2,"10":2,"11":2,"12":7,"13":7,"14":0,"15":7,"16":1,"17":1,"18":8,"19":1,"20":1,"21":1,"22":8,"23":29},"f":{"0":7,"1":2,"2":2,"3":1,"4":1,"5":8,"6":1,"7":1,"8":8,"9":29},"b":{"0":[2,0],"1":[2,0],"2":[0,7],"3":[2,5],"4":[29,0]},"_coverageSchema":"1a1c01bbd47fc00a2c39e90264f33305004495a9","hash":"2a733d1537df07f74c196653c8eebf0645ccc597"}
,"C:\\Users\\mohit\\OneDrive\\Desktop\\Namaste-react\\src\\components\\Contact.js": {"path":"C:\\Users\\mohit\\OneDrive\\Desktop\\Namaste-react\\src\\components\\Contact.js","statementMap":{"0":{"start":{"line":1,"column":16},"end":{"line":14,"column":1}},"1":{"start":{"line":2,"column":2},"end":{"line":13,"column":4}}},"fnMap":{"0":{"name":"(anonymous_0)","decl":{"start":{"line":1,"column":16},"end":{"line":1,"column":17}},"loc":{"start":{"line":1,"column":22},"end":{"line":14,"column":1}},"line":1}},"branchMap":{},"s":{"0":1,"1":3},"f":{"0":3},"b":{},"_coverageSchema":"1a1c01bbd47fc00a2c39e90264f33305004495a9","hash":"3443ba0e58c5d70da66f7efb7bca6459e2e9a03d"}
,"C:\\Users\\mohit\\OneDrive\\Desktop\\Namaste-react\\src\\components\\Header.js": {"path":"C:\\Users\\mohit\\OneDrive\\Desktop\\Namaste-react\\src\\components\\Header.js","statementMap":{"0":{"start":{"line":7,"column":15},"end":{"line":52,"column":1}},"1":{"start":{"line":8,"column":32},"end":{"line":8,"column":49}},"2":{"start":{"line":10,"column":27},"end":{"line":10,"column":50}},"3":{"start":{"line":12,"column":23},"end":{"line":12,"column":40}},"4":{"start":{"line":14,"column":20},"end":{"line":14,"column":60}},"5":{"start":{"line":14,"column":43},"end":{"line":14,"column":59}},"6":{"start":{"line":16,"column":2},"end":{"line":51,"column":4}},"7":{"start":{"line":43,"column":14},"end":{"line":43,"column":78}}},"fnMap":{"0":{"name":"(anonymous_0)","decl":{"start":{"line":7,"column":15},"end":{"line":7,"column":16}},"loc":{"start":{"line":7,"column":21},"end":{"line":52,"column":1}},"line":7},"1":{"name":"(anonymous_1)","decl":{"start":{"line":14,"column":32},"end":{"line":14,"column":33}},"loc":{"start":{"line":14,"column":43},"end":{"line":14,"column":59}},"line":14},"2":{"name":"(anonymous_2)","decl":{"start":{"line":42,"column":21},"end":{"line":42,"column":22}},"loc":{"start":{"line":43,"column":14},"end":{"line":43,"column":78}},"line":43}},"branchMap":{"0":{"loc":{"start":{"line":23,"column":47},"end":{"line":23,"column":73}},"type":"cond-expr","locations":[{"start":{"line":23,"column":62},"end":{"line":23,"column":66}},{"start":{"line":23,"column":69},"end":{"line":23,"column":73}}],"line":23},"1":{"loc":{"start":{"line":43,"column":14},"end":{"line":43,"column":78}},"type":"cond-expr","locations":[{"start":{"line":43,"column":36},"end":{"line":43,"column":56}},{"start":{"line":43,"column":59},"end":{"line":43,"column":78}}],"line":43}},"s":{"0":1,"1":5,"2":5,"3":5,"4":5,"5":8,"6":5,"7":2},"f":{"0":5,"1":8,"2":2},"b":{"0":[5,0],"1":[1,1]},"_coverageSchema":"1a1c01bbd47fc00a2c39e90264f33305004495a9","hash":"c1fcec35bce1bb31a4a1021bedee8cafa0d33198"}
,"C:\\Users\\mohit\\OneDrive\\Desktop\\Namaste-react\\src\\components\\RestaurantCard.js": {"path":"C:\\Users\\mohit\\OneDrive\\Desktop\\Namaste-react\\src\\components\\RestaurantCard.js","statementMap":{"0":{"start":{"line":2,"column":23},"end":{"line":24,"column":1}},"1":{"start":{"line":3,"column":22},"end":{"line":3,"column":27}},"2":{"start":{"line":4,"column":59},"end":{"line":4,"column":71}},"3":{"start":{"line":5,"column":27},"end":{"line":5,"column":44}},"4":{"start":{"line":7,"column":2},"end":{"line":23,"column":4}},"5":{"start":{"line":26,"column":33},"end":{"line":37,"column":1}},"6":{"start":{"line":27,"column":2},"end":{"line":36,"column":4}},"7":{"start":{"line":28,"column":4},"end":{"line":35,"column":6}}},"fnMap":{"0":{"name":"(anonymous_0)","decl":{"start":{"line":2,"column":23},"end":{"line":2,"column":24}},"loc":{"start":{"line":2,"column":34},"end":{"line":24,"column":1}},"line":2},"1":{"name":"(anonymous_1)","decl":{"start":{"line":26,"column":33},"end":{"line":26,"column":34}},"loc":{"start":{"line":26,"column":53},"end":{"line":37,"column":1}},"line":26},"2":{"name":"(anonymous_2)","decl":{"start":{"line":27,"column":9},"end":{"line":27,"column":10}},"loc":{"start":{"line":27,"column":20},"end":{"line":36,"column":3}},"line":27}},"branchMap":{},"s":{"0":2,"1":31,"2":31,"3":31,"4":31,"5":2,"6":8,"7":30},"f":{"0":31,"1":8,"2":30},"b":{},"_coverageSchema":"1a1c01bbd47fc00a2c39e90264f33305004495a9","hash":"7b57d83aad0d7df7432c4d6bf84cc43ac081359e"}
,"C:\\Users\\mohit\\OneDrive\\Desktop\\Namaste-react\\src\\components\\RestaurantMenu.js": {"path":"C:\\Users\\mohit\\OneDrive\\Desktop\\Namaste-react\\src\\components\\RestaurantMenu.js","statementMap":{"0":{"start":{"line":6,"column":23},"end":{"line":45,"column":1}},"1":{"start":{"line":7,"column":20},"end":{"line":7,"column":31}},"2":{"start":{"line":9,"column":36},"end":{"line":9,"column":46}},"3":{"start":{"line":11,"column":18},"end":{"line":11,"column":41}},"4":{"start":{"line":13,"column":2},"end":{"line":13,"column":35}},"5":{"start":{"line":13,"column":16},"end":{"line":13,"column":35}},"6":{"start":{"line":16,"column":4},"end":{"line":16,"column":39}},"7":{"start":{"line":19,"column":4},"end":{"line":20,"column":17}},"8":{"start":{"line":23,"column":4},"end":{"line":27,"column":5}},"9":{"start":{"line":25,"column":8},"end":{"line":26,"column":70}},"10":{"start":{"line":29,"column":2},"end":{"line":44,"column":4}},"11":{"start":{"line":36,"column":8},"end":{"line":41,"column":10}},"12":{"start":{"line":40,"column":30},"end":{"line":40,"column":49}}},"fnMap":{"0":{"name":"(anonymous_0)","decl":{"start":{"line":6,"column":23},"end":{"line":6,"column":24}},"loc":{"start":{"line":6,"column":29},"end":{"line":45,"column":1}},"line":6},"1":{"name":"(anonymous_1)","decl":{"start":{"line":24,"column":6},"end":{"line":24,"column":7}},"loc":{"start":{"line":25,"column":8},"end":{"line":26,"column":70}},"line":25},"2":{"name":"(anonymous_2)","decl":{"start":{"line":35,"column":23},"end":{"line":35,"column":24}},"loc":{"start":{"line":36,"column":8},"end":{"line":41,"column":10}},"line":36},"3":{"name":"(anonymous_3)","decl":{"start":{"line":40,"column":24},"end":{"line":40,"column":25}},"loc":{"start":{"line":40,"column":30},"end":{"line":40,"column":49}},"line":40}},"branchMap":{"0":{"loc":{"start":{"line":13,"column":2},"end":{"line":13,"column":35}},"type":"if","locations":[{"start":{"line":13,"column":2},"end":{"line":13,"column":35}},{"start":{},"end":{}}],"line":13},"1":{"loc":{"start":{"line":39,"column":21},"end":{"line":39,"column":55}},"type":"cond-expr","locations":[{"start":{"line":39,"column":43},"end":{"line":39,"column":47}},{"start":{"line":39,"column":50},"end":{"line":39,"column":55}}],"line":39}},"s":{"0":1,"1":2,"2":2,"3":2,"4":2,"5":1,"6":1,"7":1,"8":1,"9":0,"10":1,"11":0,"12":0},"f":{"0":2,"1":0,"2":0,"3":0},"b":{"0":[1,1],"1":[0,0]},"_coverageSchema":"1a1c01bbd47fc00a2c39e90264f33305004495a9","hash":"3dc0c762f5a428a41c645e4dcfef44ba0f7b9099"}
,"C:\\Users\\mohit\\OneDrive\\Desktop\\Namaste-react\\src\\utils\\appStore.js": {"path":"C:\\Users\\mohit\\OneDrive\\Desktop\\Namaste-react\\src\\utils\\appStore.js","statementMap":{"0":{"start":{"line":4,"column":17},"end":{"line":8,"column":2}}},"fnMap":{},"branchMap":{},"s":{"0":2},"f":{},"b":{},"_coverageSchema":"1a1c01bbd47fc00a2c39e90264f33305004495a9","hash":"995e1def31c4ade70b476aac252fb51b5dc8ee4e"}
}
