TN:
SF:src\components\Body.js
FN:8,(anonymous_0)
FN:16,(anonymous_1)
FN:20,(anonymous_2)
FN:56,(anonymous_3)
FN:61,(anonymous_4)
FN:62,(anonymous_5)
FN:74,(anonymous_6)
FN:75,(anonymous_7)
FN:76,(anonymous_8)
FN:85,(anonymous_9)
FNF:10
FNH:10
FNDA:7,(anonymous_0)
FNDA:2,(anonymous_1)
FNDA:2,(anonymous_2)
FNDA:1,(anonymous_3)
FNDA:1,(anonymous_4)
FNDA:8,(anonymous_5)
FNDA:1,(anonymous_6)
FNDA:1,(anonymous_7)
FNDA:8,(anonymous_8)
FNDA:29,(anonymous_9)
DA:8,1
DA:9,7
DA:10,7
DA:11,7
DA:13,7
DA:16,7
DA:17,2
DA:20,7
DA:21,2
DA:22,2
DA:24,2
DA:28,2
DA:34,7
DA:37,7
DA:38,0
DA:45,7
DA:56,1
DA:62,1
DA:63,8
DA:65,1
DA:75,1
DA:76,8
DA:86,29
LF:23
LH:22
BRDA:25,0,0,2
BRDA:25,0,1,0
BRDA:29,1,0,2
BRDA:29,1,1,0
BRDA:37,2,0,0
BRDA:37,2,1,7
BRDA:45,3,0,2
BRDA:45,3,1,5
BRDA:90,4,0,29
BRDA:90,4,1,0
BRF:10
BRH:6
end_of_record
TN:
SF:src\components\Contact.js
FN:1,(anonymous_0)
FNF:1
FNH:1
FNDA:3,(anonymous_0)
DA:1,1
DA:2,3
LF:2
LH:2
BRF:0
BRH:0
end_of_record
TN:
SF:src\components\Header.js
FN:7,(anonymous_0)
FN:14,(anonymous_1)
FN:42,(anonymous_2)
FNF:3
FNH:3
FNDA:5,(anonymous_0)
FNDA:8,(anonymous_1)
FNDA:2,(anonymous_2)
DA:7,1
DA:8,5
DA:10,5
DA:12,5
DA:14,8
DA:16,5
DA:43,2
LF:7
LH:7
BRDA:23,0,0,5
BRDA:23,0,1,0
BRDA:43,1,0,1
BRDA:43,1,1,1
BRF:4
BRH:3
end_of_record
TN:
SF:src\components\RestaurantCard.js
FN:2,(anonymous_0)
FN:26,(anonymous_1)
FN:27,(anonymous_2)
FNF:3
FNH:3
FNDA:31,(anonymous_0)
FNDA:8,(anonymous_1)
FNDA:30,(anonymous_2)
DA:2,2
DA:3,31
DA:4,31
DA:5,31
DA:7,31
DA:26,2
DA:27,8
DA:28,30
LF:8
LH:8
BRF:0
BRH:0
end_of_record
TN:
SF:src\components\RestaurantMenu.js
FN:6,(anonymous_0)
FN:24,(anonymous_1)
FN:35,(anonymous_2)
FN:40,(anonymous_3)
FNF:4
FNH:1
FNDA:2,(anonymous_0)
FNDA:0,(anonymous_1)
FNDA:0,(anonymous_2)
FNDA:0,(anonymous_3)
DA:6,1
DA:7,2
DA:9,2
DA:11,2
DA:13,2
DA:16,1
DA:19,1
DA:23,1
DA:25,0
DA:29,1
DA:36,0
DA:40,0
LF:12
LH:9
BRDA:13,0,0,1
BRDA:13,0,1,1
BRDA:39,1,0,0
BRDA:39,1,1,0
BRF:4
BRH:2
end_of_record
TN:
SF:src\utils\appStore.js
FNF:0
FNH:0
DA:4,2
LF:1
LH:1
BRF:0
BRH:0
end_of_record
